% time     seconds  usecs/call     calls    errors syscall
------ ----------- ----------- --------- --------- ----------------
100.00    0.000278         278         1         1 wait4
  0.00    0.000000           0         1         1 faccessat
  0.00    0.000000           0         2           openat
  0.00    0.000000           0         2           close
  0.00    0.000000           0         1           read
  0.00    0.000000           0         1           write
  0.00    0.000000           0         3           newfstatat
  0.00    0.000000           0         1           set_tid_address
  0.00    0.000000           0         1           set_robust_list
  0.00    0.000000           0         1           getpid
  0.00    0.000000           0         1           getppid
  0.00    0.000000           0         3           brk
  0.00    0.000000           0         3           munmap
  0.00    0.000000           0         4           clone
  0.00    0.000000           0         1           execve
  0.00    0.000000           0         6           mmap
  0.00    0.000000           0         4           mprotect
  0.00    0.000000           0         1           prlimit64
  0.00    0.000000           0         1           getrandom
  0.00    0.000000           0         1           rseq
------ ----------- ----------- --------- --------- ----------------
100.00    0.000278           7        39         2 total
